ERROR - 2025-03-06 10:17:57 --> Razorpay Order Creation Failed: cURL error 6: Could not resolve host: api.razorpay.com
ERROR - 2025-03-06 10:18:06 --> Razorpay Order Creation Failed: cURL error 6: Could not resolve host: api.razorpay.com
CRITICAL - 2025-03-06 10:57:42 --> Error: Class "Google\ApiCore\Serializer" not found
[Method: POST, Route: payment/confirm]
in VENDORPATH\google\cloud-core\src\GrpcRequestWrapper.php on line 93.
 1 VENDORPATH\google\cloud-firestore\Connection\Grpc.php(81): Google\Cloud\Core\GrpcRequestWrapper->__construct([...])
 2 VENDORPATH\google\cloud-firestore\FirestoreClient.php(110): Google\Cloud\Firestore\Connection\Grpc->__construct([...])
 3 APPPATH\Controllers\PaymentController.php(121): Google\Cloud\Firestore\FirestoreClient->__construct([...])
 4 APPPATH\Controllers\PaymentController.php(100): App\Controllers\PaymentController->storeTransaction('razorpay', [...])
 5 SYSTEMPATH\CodeIgniter.php(933): App\Controllers\PaymentController->confirmPayment()
 6 SYSTEMPATH\CodeIgniter.php(507): CodeIgniter\CodeIgniter->runController(Object(App\Controllers\PaymentController))
 7 SYSTEMPATH\CodeIgniter.php(354): CodeIgniter\CodeIgniter->handleRequest(null, Object(Config\Cache), false)
 8 SYSTEMPATH\Boot.php(334): CodeIgniter\CodeIgniter->run()
 9 SYSTEMPATH\Boot.php(67): CodeIgniter\Boot::runCodeIgniter(Object(CodeIgniter\CodeIgniter))
10 FCPATH\index.php(56): CodeIgniter\Boot::bootWeb(Object(Config\Paths))
11 SYSTEMPATH\rewrite.php(44): require_once('C:\\xampp\\htdocs\\payment\\public\\index.php')
CRITICAL - 2025-03-06 11:30:06 --> Error: Class "Google\ApiCore\Serializer" not found
[Method: POST, Route: payment/confirm]
in VENDORPATH\google\cloud-core\src\GrpcRequestWrapper.php on line 93.
 1 VENDORPATH\google\cloud-firestore\Connection\Grpc.php(81): Google\Cloud\Core\GrpcRequestWrapper->__construct([...])
 2 VENDORPATH\google\cloud-firestore\FirestoreClient.php(110): Google\Cloud\Firestore\Connection\Grpc->__construct([...])
 3 APPPATH\Controllers\PaymentController.php(121): Google\Cloud\Firestore\FirestoreClient->__construct([...])
 4 APPPATH\Controllers\PaymentController.php(100): App\Controllers\PaymentController->storeTransaction('razorpay', [...])
 5 SYSTEMPATH\CodeIgniter.php(933): App\Controllers\PaymentController->confirmPayment()
 6 SYSTEMPATH\CodeIgniter.php(507): CodeIgniter\CodeIgniter->runController(Object(App\Controllers\PaymentController))
 7 SYSTEMPATH\CodeIgniter.php(354): CodeIgniter\CodeIgniter->handleRequest(null, Object(Config\Cache), false)
 8 SYSTEMPATH\Boot.php(334): CodeIgniter\CodeIgniter->run()
 9 SYSTEMPATH\Boot.php(67): CodeIgniter\Boot::runCodeIgniter(Object(CodeIgniter\CodeIgniter))
10 FCPATH\index.php(56): CodeIgniter\Boot::bootWeb(Object(Config\Paths))
11 SYSTEMPATH\rewrite.php(44): require_once('C:\\xampp\\htdocs\\payment\\public\\index.php')
CRITICAL - 2025-03-06 11:30:48 --> Error: Class "Google\ApiCore\Serializer" not found
[Method: POST, Route: payment/confirm]
in VENDORPATH\google\cloud-core\src\GrpcRequestWrapper.php on line 93.
 1 VENDORPATH\google\cloud-firestore\Connection\Grpc.php(81): Google\Cloud\Core\GrpcRequestWrapper->__construct([...])
 2 VENDORPATH\google\cloud-firestore\FirestoreClient.php(110): Google\Cloud\Firestore\Connection\Grpc->__construct([...])
 3 APPPATH\Controllers\PaymentController.php(121): Google\Cloud\Firestore\FirestoreClient->__construct([...])
 4 APPPATH\Controllers\PaymentController.php(100): App\Controllers\PaymentController->storeTransaction('razorpay', [...])
 5 SYSTEMPATH\CodeIgniter.php(933): App\Controllers\PaymentController->confirmPayment()
 6 SYSTEMPATH\CodeIgniter.php(507): CodeIgniter\CodeIgniter->runController(Object(App\Controllers\PaymentController))
 7 SYSTEMPATH\CodeIgniter.php(354): CodeIgniter\CodeIgniter->handleRequest(null, Object(Config\Cache), false)
 8 SYSTEMPATH\Boot.php(334): CodeIgniter\CodeIgniter->run()
 9 SYSTEMPATH\Boot.php(67): CodeIgniter\Boot::runCodeIgniter(Object(CodeIgniter\CodeIgniter))
10 FCPATH\index.php(56): CodeIgniter\Boot::bootWeb(Object(Config\Paths))
11 SYSTEMPATH\rewrite.php(44): require_once('C:\\xampp\\htdocs\\payment\\public\\index.php')
